Command line:
   SEMAFORO_TB_isim_beh.exe
     -simmode  gui
     -simrunnum  0
     -socket  4590

Thu Dec 03 11:38:20 2020


 Elaboration Time: 0.046875 sec

 Current Memory Usage: 5151.16 Meg

 Total Signals          : 30
 Total Nets             : 39
 Total Signal Drivers   : 16
 Total Blocks           : 8
 Total Primitive Blocks : 6
 Total Processes        : 12
 Total Traceable Variables  : 16
 Total Scalar Nets and Variables : 541
Total Line Count : 119

 Total Simulation Time: 0.40625 sec

 Current Memory Usage: 4679.3 Meg

Thu Dec 03 11:52:12 2020

